SF:lib/src/auth_repository.dart
DA:12,4
DA:14,2
DA:15,10
DA:20,4
DA:21,4
DA:26,3
DA:27,3
DA:32,3
DA:33,3
DA:38,2
DA:39,2
DA:44,2
DA:45,2
DA:50,2
DA:51,2
DA:56,3
DA:57,3
DA:62,2
DA:63,2
DA:68,4
LF:20
LH:20
end_of_record
SF:lib/src/result.dart
DA:6,4
DA:15,8
DA:18,8
DA:21,4
DA:22,8
DA:23,1
DA:27,4
DA:28,4
DA:29,8
DA:33,2
DA:34,8
DA:35,3
DA:39,1
DA:40,1
DA:41,4
DA:45,2
DA:50,6
DA:51,6
DA:61,4
DA:63,0
DA:66,0
DA:68,0
DA:69,0
DA:71,0
DA:72,0
DA:81,4
DA:83,0
DA:86,0
DA:88,0
DA:89,0
DA:91,0
DA:92,0
LF:32
LH:20
end_of_record
SF:lib/src/models/user_model.dart
DA:25,4
DA:34,2
DA:41,2
DA:42,2
DA:43,2
DA:44,1
DA:45,2
DA:46,1
DA:51,2
DA:52,2
DA:53,2
DA:54,2
DA:55,2
DA:56,2
DA:57,2
DA:62,2
DA:63,2
DA:64,2
DA:65,2
DA:66,2
DA:67,2
DA:68,2
DA:72,2
DA:76,2
DA:77,6
DA:78,6
DA:79,6
DA:80,6
DA:81,6
DA:84,1
DA:86,3
DA:87,3
DA:88,3
DA:89,3
DA:90,2
DA:93,0
DA:95,0
LF:37
LH:35
end_of_record
SF:lib/src/firebase_auth_repository.dart
DA:21,2
DA:22,0
DA:24,2
DA:30,4
DA:35,2
DA:42,4
DA:43,1
DA:44,2
DA:46,3
DA:50,2
DA:56,4
DA:61,2
DA:68,4
DA:69,2
DA:70,4
DA:72,0
DA:76,2
DA:81,4
DA:83,1
DA:84,2
DA:86,0
DA:90,2
DA:93,4
DA:96,3
DA:100,1
DA:103,2
DA:108,2
DA:110,3
DA:114,2
DA:117,4
DA:124,2
DA:126,1
DA:127,2
DA:129,0
DA:133,2
DA:138,4
DA:145,2
DA:147,1
DA:148,2
DA:150,0
DA:154,2
DA:160,4
DA:167,2
DA:168,2
DA:169,2
DA:171,4
DA:178,4
DA:179,0
DA:180,0
DA:182,0
DA:186,2
DA:188,8
DA:189,2
DA:194,2
DA:195,2
DA:196,2
DA:197,2
DA:198,2
DA:199,2
DA:200,2
DA:205,2
DA:206,2
DA:207,2
DA:208,2
DA:209,2
DA:210,2
DA:211,4
DA:212,2
DA:213,2
DA:214,2
DA:215,2
DA:216,2
DA:217,2
DA:218,2
DA:219,2
DA:220,2
DA:221,4
DA:222,1
DA:223,2
DA:225,0
LF:80
LH:71
end_of_record
