SF:lib/src/auth_repository.dart
DA:12,6
DA:14,2
DA:15,10
DA:20,5
DA:21,5
DA:26,4
DA:27,4
DA:32,4
DA:33,4
DA:38,3
DA:39,3
DA:44,3
DA:45,3
DA:50,3
DA:51,3
DA:56,4
DA:57,4
DA:62,3
DA:63,3
DA:68,5
LF:20
LH:20
end_of_record
SF:lib/src/result.dart
DA:6,6
DA:15,10
DA:18,10
DA:21,5
DA:22,10
DA:23,1
DA:27,5
DA:28,5
DA:29,10
DA:33,2
DA:34,8
DA:35,3
DA:39,1
DA:40,1
DA:41,4
DA:45,2
DA:50,6
DA:51,6
DA:61,6
DA:63,0
DA:66,0
DA:68,0
DA:69,0
DA:71,0
DA:72,0
DA:81,6
DA:83,0
DA:86,0
DA:88,0
DA:89,0
DA:91,0
DA:92,0
LF:32
LH:20
end_of_record
SF:lib/src/models/user_model.dart
DA:25,5
DA:34,2
DA:41,2
DA:42,2
DA:43,2
DA:44,1
DA:45,2
DA:46,1
DA:51,2
DA:52,2
DA:53,2
DA:54,2
DA:55,2
DA:56,2
DA:57,2
DA:62,2
DA:63,2
DA:64,2
DA:65,2
DA:66,2
DA:67,2
DA:68,2
DA:72,2
DA:76,2
DA:77,6
DA:78,6
DA:79,6
DA:80,6
DA:81,6
DA:84,1
DA:86,3
DA:87,3
DA:88,3
DA:89,3
DA:90,2
DA:93,0
DA:95,0
LF:37
LH:35
end_of_record
SF:lib/src/auth_repository_factory.dart
DA:23,0
DA:48,1
DA:54,1
DA:56,1
DA:60,1
DA:62,1
DA:64,1
DA:68,1
LF:8
LH:7
end_of_record
SF:lib/src/firebase_auth_repository.dart
DA:21,3
DA:22,0
DA:24,2
DA:30,4
DA:35,2
DA:42,4
DA:43,1
DA:44,2
DA:46,3
DA:50,2
DA:56,4
DA:61,2
DA:68,4
DA:69,2
DA:70,4
DA:72,0
DA:76,2
DA:81,4
DA:83,1
DA:84,2
DA:86,0
DA:90,2
DA:93,4
DA:96,3
DA:100,1
DA:103,2
DA:108,2
DA:110,3
DA:114,2
DA:117,4
DA:124,2
DA:126,1
DA:127,2
DA:129,0
DA:133,2
DA:138,4
DA:145,2
DA:147,1
DA:148,2
DA:150,0
DA:154,2
DA:160,4
DA:167,2
DA:168,2
DA:169,2
DA:171,4
DA:178,4
DA:179,0
DA:180,0
DA:182,0
DA:186,2
DA:188,8
DA:189,2
DA:194,2
DA:195,2
DA:196,2
DA:197,2
DA:198,2
DA:199,2
DA:200,2
DA:205,2
DA:206,2
DA:207,2
DA:208,2
DA:209,2
DA:210,2
DA:211,4
DA:212,2
DA:213,2
DA:214,2
DA:215,2
DA:216,2
DA:217,2
DA:218,2
DA:219,2
DA:220,2
DA:221,4
DA:222,1
DA:223,2
DA:225,0
LF:80
LH:71
end_of_record
SF:lib/src/supabase_auth_repository.dart
DA:21,2
DA:24,1
DA:30,3
DA:35,1
DA:42,2
DA:43,1
DA:44,2
DA:45,1
DA:46,0
DA:48,2
DA:49,3
DA:50,3
DA:52,3
DA:56,1
DA:62,3
DA:67,1
DA:74,2
DA:75,1
DA:76,2
DA:77,1
DA:78,0
DA:80,2
DA:81,3
DA:82,3
DA:84,0
DA:88,1
DA:93,3
DA:95,1
DA:96,2
DA:97,1
DA:98,0
DA:100,2
DA:101,3
DA:102,3
DA:104,3
DA:108,1
DA:111,3
DA:113,1
DA:114,0
DA:116,3
DA:120,1
DA:123,3
DA:128,2
DA:130,3
DA:134,1
DA:137,3
DA:146,3
DA:148,1
DA:151,1
DA:152,0
DA:153,1
DA:154,0
DA:156,2
DA:157,3
DA:158,3
DA:160,0
DA:164,1
DA:169,3
DA:176,3
DA:177,1
DA:180,1
DA:181,2
DA:182,1
DA:183,0
DA:185,2
DA:186,0
DA:187,3
DA:189,0
DA:193,1
DA:199,3
DA:206,1
DA:208,1
DA:211,1
DA:214,3
DA:215,1
DA:218,1
DA:225,2
DA:226,1
DA:227,0
DA:228,1
DA:229,0
DA:231,2
DA:232,3
DA:233,3
DA:235,0
DA:239,1
DA:241,5
DA:242,2
DA:243,1
DA:248,1
DA:249,1
DA:250,1
DA:251,1
DA:252,2
DA:253,2
DA:254,1
DA:259,1
DA:260,2
DA:261,1
DA:264,1
DA:265,1
DA:266,1
DA:267,1
DA:270,1
DA:271,1
DA:272,1
DA:275,1
DA:276,1
DA:277,1
DA:278,1
DA:281,2
DA:282,1
DA:283,1
DA:284,1
DA:287,1
DA:288,1
DA:289,1
DA:290,1
DA:293,1
DA:294,2
DA:295,1
DA:298,1
DA:299,1
DA:300,1
DA:301,1
DA:304,2
DA:305,1
DA:306,1
DA:309,2
LF:129
LH:115
end_of_record
